{
  "uid" : "a448c4800e024ed9",
  "name" : "test_gongdan.test_confirm",
  "fullName" : "test_gongdan.test_gongdan.test_confirm",
  "historyId" : "864d796dfad03158a0010b0fc9381969",
  "time" : {
    "start" : 1543981998558,
    "stop" : 1543982014572,
    "duration" : 16014
  },
  "description" : "",
  "descriptionHtml" : "",
  "status" : "failed",
  "statusMessage" : "TimeoutException: Message: \n",
  "statusTrace" : "self = <test_gongdan.test_gongdan object at 0x0000026F892C86A0>\n\n    def test_confirm(self):\n>       self.obj.click_confirm()\n\nScripts\\test_gongdan.py:48: \n_ _ _ _ _ _ _ _ _ _ _ _ _ _ _ _ _ _ _ _ _ _ _ _ _ _ _ _ _ _ _ _ _ _ _ _ _ _ _ _ _ _ _ _ _ _ _ _ _ _ _ _ _ _ _ _ _ _ _ _ _ _ _ _ _ _ _ _ _ _ _ _ _ _ _ _ _ _ _ _ _ _ _ _ _ _ _ _ _ _ _\nPage\\xmd_work_order.py:268: in click_confirm\n    self.click_element(Page.okrq)\nBase\\Base.py:45: in click_element\n    self.search_element(loc).click()\nBase\\Base.py:23: in search_element\n    return WebDriverWait(self.driver, timeout, poll).until(lambda x: x.find_element(*loc))\n_ _ _ _ _ _ _ _ _ _ _ _ _ _ _ _ _ _ _ _ _ _ _ _ _ _ _ _ _ _ _ _ _ _ _ _ _ _ _ _ _ _ _ _ _ _ _ _ _ _ _ _ _ _ _ _ _ _ _ _ _ _ _ _ _ _ _ _ _ _ _ _ _ _ _ _ _ _ _ _ _ _ _ _ _ _ _ _ _ _ _\n\nself = <selenium.webdriver.support.wait.WebDriverWait (session=\"e8e148f7-b8bd-4174-83b0-3dc135eed212\")>\nmethod = <function Base.search_element.<locals>.<lambda> at 0x0000026F89283D90>, message = ''\n\n    def until(self, method, message=''):\n        \"\"\"Calls the method provided with the driver as an argument until the \\\n        return value is not False.\"\"\"\n        screen = None\n        stacktrace = None\n    \n        end_time = time.time() + self._timeout\n        while True:\n            try:\n                value = method(self._driver)\n                if value:\n                    return value\n            except self._ignored_exceptions as exc:\n                screen = getattr(exc, 'screen', None)\n                stacktrace = getattr(exc, 'stacktrace', None)\n            time.sleep(self._poll)\n            if time.time() > end_time:\n                break\n>       raise TimeoutException(message, screen, stacktrace)\nE       selenium.common.exceptions.TimeoutException: Message:\n\nd:\\software\\python3.6\\lib\\site-packages\\selenium\\webdriver\\support\\wait.py:80: TimeoutException",
  "flaky" : false,
  "beforeStages" : [ ],
  "afterStages" : [ ],
  "labels" : [ {
    "name" : "framework",
    "value" : "pytest"
  }, {
    "name" : "host",
    "value" : "DESKTOP-08IDGDC"
  }, {
    "name" : "language",
    "value" : "cpython3"
  }, {
    "name" : "severity",
    "value" : "normal"
  }, {
    "name" : "thread",
    "value" : "19684-MainThread"
  }, {
    "name" : "suite",
    "value" : "test_gongdan"
  }, {
    "name" : "testClass",
    "value" : "test_gongdan"
  }, {
    "name" : "testMethod",
    "value" : "test_gongdan.test_confirm"
  }, {
    "name" : "package",
    "value" : "test_gongdan"
  }, {
    "name" : "resultFormat",
    "value" : "allure1"
  } ],
  "parameters" : [ ],
  "links" : [ ],
  "hidden" : false,
  "retry" : false,
  "extra" : {
    "severity" : "normal",
    "retries" : [ ],
    "categories" : [ {
      "name" : "Product defects",
      "matchedStatuses" : [ ],
      "flaky" : false
    } ],
    "tags" : [ ]
  },
  "source" : "a448c4800e024ed9.json",
  "parameterValues" : [ ]
}